2002.09.24 15:08 B C:\www\images\ag_bttn3.gif <-- Missouri /www/images ag_bttn3.gif
2002.09.24 15:08 B C:\www\images\agsign.gif <-- Missouri /www/images agsign.gif
2002.09.24 15:08 B C:\www\images\ani_cat.gif <-- Missouri /www/images ani_cat.gif
2002.09.24 15:08 B C:\www\images\ani_text.gif <-- Missouri /www/images ani_text.gif
2002.09.24 15:08 B C:\www\images\aniheart.gif <-- Missouri /www/images aniheart.gif
2002.09.24 15:08 B C:\www\images\at_work.gif <-- Missouri /www/images at_work.gif
2002.09.24 15:08 B C:\www\images\bg.gif <-- Missouri /www/images bg.gif
2002.09.24 15:08 B C:\www\images\consbar.gif <-- Missouri /www/images consbar.gif
2002.09.24 15:08 B C:\www\images\coolmail.gif <-- Missouri /www/images coolmail.gif
2002.09.24 15:08 B C:\www\images\dogrun1.gif <-- Missouri /www/images dogrun1.gif
2002.09.24 15:08 B C:\www\images\duke.gif <-- Missouri /www/images duke.gif
2002.09.24 15:08 B C:\www\images\earth.gif <-- Missouri /www/images earth.gif
2002.09.24 15:08 B C:\www\images\friend.gif <-- Missouri /www/images friend.gif
2002.09.24 15:08 B C:\www\images\globe.gif <-- Missouri /www/images globe.gif
2002.09.24 15:08 B C:\www\images\Godfather.mid <-- Missouri /www/images Godfather.mid
2002.09.24 15:08 B C:\www\images\guestan.gif <-- Missouri /www/images guestan.gif
2002.09.24 15:08 B C:\www\images\hot2.gif <-- Missouri /www/images hot2.gif
2002.09.24 15:08 B C:\www\images\ligarc.gif <-- Missouri /www/images ligarc.gif
2002.09.24 15:08 B C:\www\images\math_symbol.gif <-- Missouri /www/images math_symbol.gif
2002.09.24 15:08 B C:\www\images\myheartw.mid <-- Missouri /www/images myheartw.mid
2002.09.24 15:08 B C:\www\images\new.gif <-- Missouri /www/images new.gif
2002.09.24 15:08 B C:\www\images\newwelcome.gif <-- Missouri /www/images newwelcome.gif
2002.09.24 15:08 B C:\www\images\note.gif <-- Missouri /www/images note.gif
2002.09.24 15:08 B C:\www\images\piano.mid <-- Missouri /www/images piano.mid
2002.09.24 15:08 B C:\www\images\rose.gif <-- Missouri /www/images rose.gif
2002.09.24 15:08 B C:\www\images\somewhere.mid <-- Missouri /www/images somewhere.mid
2002.09.24 15:08 B C:\www\images\tai.jpg <-- Missouri /www/images tai.jpg
2002.09.24 15:08 B C:\www\images\valentine.gif <-- Missouri /www/images valentine.gif
2002.09.24 15:08 B C:\www\images\vietlogo.gif <-- Missouri /www/images vietlogo.gif
2002.09.24 15:08 B C:\www\images\welcome1.gif <-- Missouri /www/images welcome1.gif
2002.09.24 15:08 B C:\www\images\welcome2.gif <-- Missouri /www/images welcome2.gif
2002.09.24 15:08 B C:\www\images\welguest.gif <-- Missouri /www/images welguest.gif
2002.09.24 15:08 B C:\www\images\weltext.gif <-- Missouri /www/images weltext.gif
2002.09.24 15:08 B C:\www\images\write.gif <-- Missouri /www/images write.gif
2003.11.01 22:52 B C:\Documents and Settings\Tai\My Documents\www\images\cnewyear.jpg <-- Queensu /home/student1/haht/WWW cnewyear.jpg
